Ping:
[50%] PingReq

Login:
[90%] GetPlayerTokenRsp
[80%] PlayerLoginReq
[90%] PlayerLoginRsp

Scene:
[50%] ToTheMoonEnterSceneReq
[40%] GetScenePointRsp

Ability:
[99%] AbilityAppliedModifier
[50%] AbilityMixinRecoverInfo

Breakout:
[99%] BreakoutAction

Game:
[99%] PlayerLocationInfo
[89%] VehicleLocationInfo
[50%] AvatarDataNotify
[95%] TrialAvatarGrantRecord
[99%] Weapon
[99%] PlayerWorldSceneInfo
[80%] MotionInfo
[50%] SceneEntityAiInfo
[99%] SceneWeaponInfo
[99%] CurVehicleInfo
[75%] MonsterRoute
[10%] RoutePoint
[5%] SceneGadgetInfo
[75%] VehicleInfo
[50%] TrifleGadget